<xml>
	<a/>
	<b/>
	<a/>
	<b/>
</xml>